-------------------------------------------------------------------------------
Test set: TestSuite
-------------------------------------------------------------------------------
Tests run: 1, Failures: 1, Errors: 0, Skipped: 0, Time elapsed: 2.865 s <<< FAILURE! - in TestSuite
test.HardcoreTest.compareEmailResultWithCalculator  Time elapsed: 0.149 s  <<< FAILURE!
java.util.MissingResourceException: Can't find resource for bundle java.util.PropertyResourceBundle, key testdata.VM.NumberOfInstances
	at test.HardcoreTest.compareEmailResultWithCalculator(HardcoreTest.java:13)

