<?xml version="1.0" encoding="UTF-8"?>
<testng-results ignored="0" total="1" passed="1" failed="0" skipped="0">
  <reporter-output>
  </reporter-output>
  <suite started-at="2023-02-26T18:47:28 AMT" name="Smoke" finished-at="2023-02-26T18:48:50 AMT" duration-ms="81440">
    <groups>
    </groups>
    <test started-at="2023-02-26T18:47:28 AMT" name="Virtual Machine" finished-at="2023-02-26T18:48:50 AMT" duration-ms="81440">
      <class name="test.HardcoreTest">
        <test-method is-config="true" signature="setUp()[pri:0, instance:test.HardcoreTest@3bd40a57]" started-at="2023-02-26T18:47:28 AMT" name="setUp" finished-at="2023-02-26T18:47:31 AMT" duration-ms="3250" status="PASS">
          <reporter-output>
          </reporter-output>
        </test-method> <!-- setUp -->
        <test-method signature="compareEmailResultWithCalculator()[pri:0, instance:test.HardcoreTest@3bd40a57]" started-at="2023-02-26T18:47:31 AMT" name="compareEmailResultWithCalculator" description="Email result matches Google calculator" finished-at="2023-02-26T18:48:49 AMT" duration-ms="77383" status="PASS">
          <reporter-output>
          </reporter-output>
        </test-method> <!-- compareEmailResultWithCalculator -->
        <test-method is-config="true" signature="stopBrowser()[pri:0, instance:test.HardcoreTest@3bd40a57]" started-at="2023-02-26T18:48:49 AMT" name="stopBrowser" finished-at="2023-02-26T18:48:50 AMT" duration-ms="789" status="PASS">
          <reporter-output>
          </reporter-output>
        </test-method> <!-- stopBrowser -->
      </class> <!-- test.HardcoreTest -->
    </test> <!-- Virtual Machine -->
  </suite> <!-- Smoke -->
</testng-results>
