<?xml version="1.0" encoding="UTF-8"?>
<!-- Generated by org.testng.reporters.JUnitXMLReporter -->
<testsuite ignored="0" hostname="LAPTOP-09TBB8MA" failures="1" tests="1" name="Virtual Machine" time="2.174" errors="0" timestamp="2023-02-26T11:26:30 AMT">
  <testcase classname="test.HardcoreTest" name="compareEmailResultWithCalculator" time="0.012">
    <failure type="java.util.MissingResourceException" message="Can&amp;apos;t find resource for bundle java.util.PropertyResourceBundle, key testdata.VM.NumberOfInstances">
      <![CDATA[java.util.MissingResourceException: Can't find resource for bundle java.util.PropertyResourceBundle, key testdata.VM.NumberOfInstances
at java.base/java.util.ResourceBundle.getObject(ResourceBundle.java:564)
at java.base/java.util.ResourceBundle.getString(ResourceBundle.java:521)
at service.TestDataReader.getTestData(TestDataReader.java:8)
at service.VMCreator.withCredentialsFromProperty(VMCreator.java:19)
at test.HardcoreTest.compareEmailResultWithCalculator(HardcoreTest.java:13)
... Removed 29 stack frames]]>
    </failure>
  </testcase> <!-- compareEmailResultWithCalculator -->
</testsuite> <!-- Virtual Machine -->
